<?xml version="1.0" encoding="UTF-8"?>
<!-- Generated by org.testng.reporters.JUnitReportReporter -->
<testsuite hostname="LAPTOP-KPEQ55GB" failures="0" tests="1" name="Practice.Myntra" time="4.849" errors="0" timestamp="2023-10-21T13:29:08 IST" skipped="0">
  <testcase classname="Practice.Myntra" name="upload" time="4.849"/>
</testsuite> <!-- Practice.Myntra -->
